State 58 conflicts: 9 shift/reduce
State 59 conflicts: 9 shift/reduce
State 60 conflicts: 9 shift/reduce
State 61 conflicts: 9 shift/reduce
State 62 conflicts: 9 shift/reduce
State 63 conflicts: 9 shift/reduce
State 64 conflicts: 9 shift/reduce
State 65 conflicts: 9 shift/reduce
State 66 conflicts: 9 shift/reduce


Grammar

    0 $accept: programa $end

    1 programa: cabecalho variaveis T_INICIO lista_comandos T_FIMPROG

    2 cabecalho: T_PROGRAMA T_IDENT

    3 variaveis: lista_variaveis
    4          | declaracao_variaveis

    5 declaracao_variaveis: tipo lista_variaveis declaracao_variaveis
    6                     | tipo lista_variaveis

    7 tipo: T_INTEIRO
    8     | T_LOGICO

    9 lista_variaveis: lista_variaveis T_IDENT
   10                | T_IDENT

   11 lista_comandos: lista_comandos comando
   12               | comando

   13 comando: leitura
   14        | escrita
   15        | repeticao
   16        | selecao
   17        | atribuicao

   18 leitura: T_LEIA T_IDENT

   19 escrita: T_ESCREVA expressao

   20 repeticao: T_ENQUANTO expressao T_FACA lista_comandos T_FIMQTO

   21 selecao: T_SE expressao T_ENTAO lista_comandos T_SENAO lista_comandos T_FIMSE

   22 atribuicao: T_IDENT T_ATRIB expressao

   23 expressao: expressao T_MAIS expressao
   24          | expressao T_MENOS expressao
   25          | expressao T_VEZES expressao
   26          | expressao T_DIV expressao
   27          | expressao T_MAIOR expressao
   28          | expressao T_MENOR expressao
   29          | expressao T_IGUAL expressao
   30          | expressao T_E expressao
   31          | expressao T_OU expressao
   32          | termo

   33 termo: T_IDENT
   34      | T_NUM
   35      | T_V
   36      | T_F
   37      | T_ABRE expressao T_FECHA
   38      | T_NAO termo


Terminals, with rules where they appear

    $end (0) 0
    error (256)
    T_PROGRAMA (258) 2
    T_INICIO (259) 1
    T_FIMPROG (260) 1
    T_LEIA (261) 18
    T_ESCREVA (262) 19
    T_SE (263) 21
    T_ENTAO (264) 21
    T_SENAO (265) 21
    T_FIMSE (266) 21
    T_ENQUANTO (267) 20
    T_FACA (268) 20
    T_FIMQTO (269) 20
    T_MAIS (270) 23
    T_MENOS (271) 24
    T_VEZES (272) 25
    T_DIV (273) 26
    T_MAIOR (274) 27
    T_MENOR (275) 28
    T_IGUAL (276) 29
    T_E (277) 30
    T_OU (278) 31
    T_NAO (279) 38
    T_ATRIB (280) 22
    T_ABRE (281) 37
    T_FECHA (282) 37
    T_INTEIRO (283) 7
    T_LOGICO (284) 8
    T_V (285) 35
    T_F (286) 36
    T_IDENT (287) 2 9 10 18 22 33
    T_NUM (288) 34


Nonterminals, with rules where they appear

    $accept (34)
        on left: 0
    programa (35)
        on left: 1
        on right: 0
    cabecalho (36)
        on left: 2
        on right: 1
    variaveis (37)
        on left: 3 4
        on right: 1
    declaracao_variaveis (38)
        on left: 5 6
        on right: 4 5
    tipo (39)
        on left: 7 8
        on right: 5 6
    lista_variaveis (40)
        on left: 9 10
        on right: 3 5 6 9
    lista_comandos (41)
        on left: 11 12
        on right: 1 11 20 21
    comando (42)
        on left: 13 14 15 16 17
        on right: 11 12
    leitura (43)
        on left: 18
        on right: 13
    escrita (44)
        on left: 19
        on right: 14
    repeticao (45)
        on left: 20
        on right: 15
    selecao (46)
        on left: 21
        on right: 16
    atribuicao (47)
        on left: 22
        on right: 17
    expressao (48)
        on left: 23 24 25 26 27 28 29 30 31 32
        on right: 19 20 21 22 23 24 25 26 27 28 29 30 31 37
    termo (49)
        on left: 33 34 35 36 37 38
        on right: 32 38


State 0

    0 $accept: . programa $end

    T_PROGRAMA  shift, and go to state 1

    programa   go to state 2
    cabecalho  go to state 3


State 1

    2 cabecalho: T_PROGRAMA . T_IDENT

    T_IDENT  shift, and go to state 4


State 2

    0 $accept: programa . $end

    $end  shift, and go to state 5


State 3

    1 programa: cabecalho . variaveis T_INICIO lista_comandos T_FIMPROG

    T_INTEIRO  shift, and go to state 6
    T_LOGICO   shift, and go to state 7
    T_IDENT    shift, and go to state 8

    variaveis             go to state 9
    declaracao_variaveis  go to state 10
    tipo                  go to state 11
    lista_variaveis       go to state 12


State 4

    2 cabecalho: T_PROGRAMA T_IDENT .

    $default  reduce using rule 2 (cabecalho)


State 5

    0 $accept: programa $end .

    $default  accept


State 6

    7 tipo: T_INTEIRO .

    $default  reduce using rule 7 (tipo)


State 7

    8 tipo: T_LOGICO .

    $default  reduce using rule 8 (tipo)


State 8

   10 lista_variaveis: T_IDENT .

    $default  reduce using rule 10 (lista_variaveis)


State 9

    1 programa: cabecalho variaveis . T_INICIO lista_comandos T_FIMPROG

    T_INICIO  shift, and go to state 13


State 10

    4 variaveis: declaracao_variaveis .

    $default  reduce using rule 4 (variaveis)


State 11

    5 declaracao_variaveis: tipo . lista_variaveis declaracao_variaveis
    6                     | tipo . lista_variaveis

    T_IDENT  shift, and go to state 8

    lista_variaveis  go to state 14


State 12

    3 variaveis: lista_variaveis .
    9 lista_variaveis: lista_variaveis . T_IDENT

    T_IDENT  shift, and go to state 15

    $default  reduce using rule 3 (variaveis)


State 13

    1 programa: cabecalho variaveis T_INICIO . lista_comandos T_FIMPROG

    T_LEIA      shift, and go to state 16
    T_ESCREVA   shift, and go to state 17
    T_SE        shift, and go to state 18
    T_ENQUANTO  shift, and go to state 19
    T_IDENT     shift, and go to state 20

    lista_comandos  go to state 21
    comando         go to state 22
    leitura         go to state 23
    escrita         go to state 24
    repeticao       go to state 25
    selecao         go to state 26
    atribuicao      go to state 27


State 14

    5 declaracao_variaveis: tipo lista_variaveis . declaracao_variaveis
    6                     | tipo lista_variaveis .
    9 lista_variaveis: lista_variaveis . T_IDENT

    T_INTEIRO  shift, and go to state 6
    T_LOGICO   shift, and go to state 7
    T_IDENT    shift, and go to state 15

    $default  reduce using rule 6 (declaracao_variaveis)

    declaracao_variaveis  go to state 28
    tipo                  go to state 11


State 15

    9 lista_variaveis: lista_variaveis T_IDENT .

    $default  reduce using rule 9 (lista_variaveis)


State 16

   18 leitura: T_LEIA . T_IDENT

    T_IDENT  shift, and go to state 29


State 17

   19 escrita: T_ESCREVA . expressao

    T_NAO    shift, and go to state 30
    T_ABRE   shift, and go to state 31
    T_V      shift, and go to state 32
    T_F      shift, and go to state 33
    T_IDENT  shift, and go to state 34
    T_NUM    shift, and go to state 35

    expressao  go to state 36
    termo      go to state 37


State 18

   21 selecao: T_SE . expressao T_ENTAO lista_comandos T_SENAO lista_comandos T_FIMSE

    T_NAO    shift, and go to state 30
    T_ABRE   shift, and go to state 31
    T_V      shift, and go to state 32
    T_F      shift, and go to state 33
    T_IDENT  shift, and go to state 34
    T_NUM    shift, and go to state 35

    expressao  go to state 38
    termo      go to state 37


State 19

   20 repeticao: T_ENQUANTO . expressao T_FACA lista_comandos T_FIMQTO

    T_NAO    shift, and go to state 30
    T_ABRE   shift, and go to state 31
    T_V      shift, and go to state 32
    T_F      shift, and go to state 33
    T_IDENT  shift, and go to state 34
    T_NUM    shift, and go to state 35

    expressao  go to state 39
    termo      go to state 37


State 20

   22 atribuicao: T_IDENT . T_ATRIB expressao

    T_ATRIB  shift, and go to state 40


State 21

    1 programa: cabecalho variaveis T_INICIO lista_comandos . T_FIMPROG
   11 lista_comandos: lista_comandos . comando

    T_FIMPROG   shift, and go to state 41
    T_LEIA      shift, and go to state 16
    T_ESCREVA   shift, and go to state 17
    T_SE        shift, and go to state 18
    T_ENQUANTO  shift, and go to state 19
    T_IDENT     shift, and go to state 20

    comando     go to state 42
    leitura     go to state 23
    escrita     go to state 24
    repeticao   go to state 25
    selecao     go to state 26
    atribuicao  go to state 27


State 22

   12 lista_comandos: comando .

    $default  reduce using rule 12 (lista_comandos)


State 23

   13 comando: leitura .

    $default  reduce using rule 13 (comando)


State 24

   14 comando: escrita .

    $default  reduce using rule 14 (comando)


State 25

   15 comando: repeticao .

    $default  reduce using rule 15 (comando)


State 26

   16 comando: selecao .

    $default  reduce using rule 16 (comando)


State 27

   17 comando: atribuicao .

    $default  reduce using rule 17 (comando)


State 28

    5 declaracao_variaveis: tipo lista_variaveis declaracao_variaveis .

    $default  reduce using rule 5 (declaracao_variaveis)


State 29

   18 leitura: T_LEIA T_IDENT .

    $default  reduce using rule 18 (leitura)


State 30

   38 termo: T_NAO . termo

    T_NAO    shift, and go to state 30
    T_ABRE   shift, and go to state 31
    T_V      shift, and go to state 32
    T_F      shift, and go to state 33
    T_IDENT  shift, and go to state 34
    T_NUM    shift, and go to state 35

    termo  go to state 43


State 31

   37 termo: T_ABRE . expressao T_FECHA

    T_NAO    shift, and go to state 30
    T_ABRE   shift, and go to state 31
    T_V      shift, and go to state 32
    T_F      shift, and go to state 33
    T_IDENT  shift, and go to state 34
    T_NUM    shift, and go to state 35

    expressao  go to state 44
    termo      go to state 37


State 32

   35 termo: T_V .

    $default  reduce using rule 35 (termo)


State 33

   36 termo: T_F .

    $default  reduce using rule 36 (termo)


State 34

   33 termo: T_IDENT .

    $default  reduce using rule 33 (termo)


State 35

   34 termo: T_NUM .

    $default  reduce using rule 34 (termo)


State 36

   19 escrita: T_ESCREVA expressao .
   23 expressao: expressao . T_MAIS expressao
   24          | expressao . T_MENOS expressao
   25          | expressao . T_VEZES expressao
   26          | expressao . T_DIV expressao
   27          | expressao . T_MAIOR expressao
   28          | expressao . T_MENOR expressao
   29          | expressao . T_IGUAL expressao
   30          | expressao . T_E expressao
   31          | expressao . T_OU expressao

    T_MAIS   shift, and go to state 45
    T_MENOS  shift, and go to state 46
    T_VEZES  shift, and go to state 47
    T_DIV    shift, and go to state 48
    T_MAIOR  shift, and go to state 49
    T_MENOR  shift, and go to state 50
    T_IGUAL  shift, and go to state 51
    T_E      shift, and go to state 52
    T_OU     shift, and go to state 53

    $default  reduce using rule 19 (escrita)


State 37

   32 expressao: termo .

    $default  reduce using rule 32 (expressao)


State 38

   21 selecao: T_SE expressao . T_ENTAO lista_comandos T_SENAO lista_comandos T_FIMSE
   23 expressao: expressao . T_MAIS expressao
   24          | expressao . T_MENOS expressao
   25          | expressao . T_VEZES expressao
   26          | expressao . T_DIV expressao
   27          | expressao . T_MAIOR expressao
   28          | expressao . T_MENOR expressao
   29          | expressao . T_IGUAL expressao
   30          | expressao . T_E expressao
   31          | expressao . T_OU expressao

    T_ENTAO  shift, and go to state 54
    T_MAIS   shift, and go to state 45
    T_MENOS  shift, and go to state 46
    T_VEZES  shift, and go to state 47
    T_DIV    shift, and go to state 48
    T_MAIOR  shift, and go to state 49
    T_MENOR  shift, and go to state 50
    T_IGUAL  shift, and go to state 51
    T_E      shift, and go to state 52
    T_OU     shift, and go to state 53


State 39

   20 repeticao: T_ENQUANTO expressao . T_FACA lista_comandos T_FIMQTO
   23 expressao: expressao . T_MAIS expressao
   24          | expressao . T_MENOS expressao
   25          | expressao . T_VEZES expressao
   26          | expressao . T_DIV expressao
   27          | expressao . T_MAIOR expressao
   28          | expressao . T_MENOR expressao
   29          | expressao . T_IGUAL expressao
   30          | expressao . T_E expressao
   31          | expressao . T_OU expressao

    T_FACA   shift, and go to state 55
    T_MAIS   shift, and go to state 45
    T_MENOS  shift, and go to state 46
    T_VEZES  shift, and go to state 47
    T_DIV    shift, and go to state 48
    T_MAIOR  shift, and go to state 49
    T_MENOR  shift, and go to state 50
    T_IGUAL  shift, and go to state 51
    T_E      shift, and go to state 52
    T_OU     shift, and go to state 53


State 40

   22 atribuicao: T_IDENT T_ATRIB . expressao

    T_NAO    shift, and go to state 30
    T_ABRE   shift, and go to state 31
    T_V      shift, and go to state 32
    T_F      shift, and go to state 33
    T_IDENT  shift, and go to state 34
    T_NUM    shift, and go to state 35

    expressao  go to state 56
    termo      go to state 37


State 41

    1 programa: cabecalho variaveis T_INICIO lista_comandos T_FIMPROG .

    $default  reduce using rule 1 (programa)


State 42

   11 lista_comandos: lista_comandos comando .

    $default  reduce using rule 11 (lista_comandos)


State 43

   38 termo: T_NAO termo .

    $default  reduce using rule 38 (termo)


State 44

   23 expressao: expressao . T_MAIS expressao
   24          | expressao . T_MENOS expressao
   25          | expressao . T_VEZES expressao
   26          | expressao . T_DIV expressao
   27          | expressao . T_MAIOR expressao
   28          | expressao . T_MENOR expressao
   29          | expressao . T_IGUAL expressao
   30          | expressao . T_E expressao
   31          | expressao . T_OU expressao
   37 termo: T_ABRE expressao . T_FECHA

    T_MAIS   shift, and go to state 45
    T_MENOS  shift, and go to state 46
    T_VEZES  shift, and go to state 47
    T_DIV    shift, and go to state 48
    T_MAIOR  shift, and go to state 49
    T_MENOR  shift, and go to state 50
    T_IGUAL  shift, and go to state 51
    T_E      shift, and go to state 52
    T_OU     shift, and go to state 53
    T_FECHA  shift, and go to state 57


State 45

   23 expressao: expressao T_MAIS . expressao

    T_NAO    shift, and go to state 30
    T_ABRE   shift, and go to state 31
    T_V      shift, and go to state 32
    T_F      shift, and go to state 33
    T_IDENT  shift, and go to state 34
    T_NUM    shift, and go to state 35

    expressao  go to state 58
    termo      go to state 37


State 46

   24 expressao: expressao T_MENOS . expressao

    T_NAO    shift, and go to state 30
    T_ABRE   shift, and go to state 31
    T_V      shift, and go to state 32
    T_F      shift, and go to state 33
    T_IDENT  shift, and go to state 34
    T_NUM    shift, and go to state 35

    expressao  go to state 59
    termo      go to state 37


State 47

   25 expressao: expressao T_VEZES . expressao

    T_NAO    shift, and go to state 30
    T_ABRE   shift, and go to state 31
    T_V      shift, and go to state 32
    T_F      shift, and go to state 33
    T_IDENT  shift, and go to state 34
    T_NUM    shift, and go to state 35

    expressao  go to state 60
    termo      go to state 37


State 48

   26 expressao: expressao T_DIV . expressao

    T_NAO    shift, and go to state 30
    T_ABRE   shift, and go to state 31
    T_V      shift, and go to state 32
    T_F      shift, and go to state 33
    T_IDENT  shift, and go to state 34
    T_NUM    shift, and go to state 35

    expressao  go to state 61
    termo      go to state 37


State 49

   27 expressao: expressao T_MAIOR . expressao

    T_NAO    shift, and go to state 30
    T_ABRE   shift, and go to state 31
    T_V      shift, and go to state 32
    T_F      shift, and go to state 33
    T_IDENT  shift, and go to state 34
    T_NUM    shift, and go to state 35

    expressao  go to state 62
    termo      go to state 37


State 50

   28 expressao: expressao T_MENOR . expressao

    T_NAO    shift, and go to state 30
    T_ABRE   shift, and go to state 31
    T_V      shift, and go to state 32
    T_F      shift, and go to state 33
    T_IDENT  shift, and go to state 34
    T_NUM    shift, and go to state 35

    expressao  go to state 63
    termo      go to state 37


State 51

   29 expressao: expressao T_IGUAL . expressao

    T_NAO    shift, and go to state 30
    T_ABRE   shift, and go to state 31
    T_V      shift, and go to state 32
    T_F      shift, and go to state 33
    T_IDENT  shift, and go to state 34
    T_NUM    shift, and go to state 35

    expressao  go to state 64
    termo      go to state 37


State 52

   30 expressao: expressao T_E . expressao

    T_NAO    shift, and go to state 30
    T_ABRE   shift, and go to state 31
    T_V      shift, and go to state 32
    T_F      shift, and go to state 33
    T_IDENT  shift, and go to state 34
    T_NUM    shift, and go to state 35

    expressao  go to state 65
    termo      go to state 37


State 53

   31 expressao: expressao T_OU . expressao

    T_NAO    shift, and go to state 30
    T_ABRE   shift, and go to state 31
    T_V      shift, and go to state 32
    T_F      shift, and go to state 33
    T_IDENT  shift, and go to state 34
    T_NUM    shift, and go to state 35

    expressao  go to state 66
    termo      go to state 37


State 54

   21 selecao: T_SE expressao T_ENTAO . lista_comandos T_SENAO lista_comandos T_FIMSE

    T_LEIA      shift, and go to state 16
    T_ESCREVA   shift, and go to state 17
    T_SE        shift, and go to state 18
    T_ENQUANTO  shift, and go to state 19
    T_IDENT     shift, and go to state 20

    lista_comandos  go to state 67
    comando         go to state 22
    leitura         go to state 23
    escrita         go to state 24
    repeticao       go to state 25
    selecao         go to state 26
    atribuicao      go to state 27


State 55

   20 repeticao: T_ENQUANTO expressao T_FACA . lista_comandos T_FIMQTO

    T_LEIA      shift, and go to state 16
    T_ESCREVA   shift, and go to state 17
    T_SE        shift, and go to state 18
    T_ENQUANTO  shift, and go to state 19
    T_IDENT     shift, and go to state 20

    lista_comandos  go to state 68
    comando         go to state 22
    leitura         go to state 23
    escrita         go to state 24
    repeticao       go to state 25
    selecao         go to state 26
    atribuicao      go to state 27


State 56

   22 atribuicao: T_IDENT T_ATRIB expressao .
   23 expressao: expressao . T_MAIS expressao
   24          | expressao . T_MENOS expressao
   25          | expressao . T_VEZES expressao
   26          | expressao . T_DIV expressao
   27          | expressao . T_MAIOR expressao
   28          | expressao . T_MENOR expressao
   29          | expressao . T_IGUAL expressao
   30          | expressao . T_E expressao
   31          | expressao . T_OU expressao

    T_MAIS   shift, and go to state 45
    T_MENOS  shift, and go to state 46
    T_VEZES  shift, and go to state 47
    T_DIV    shift, and go to state 48
    T_MAIOR  shift, and go to state 49
    T_MENOR  shift, and go to state 50
    T_IGUAL  shift, and go to state 51
    T_E      shift, and go to state 52
    T_OU     shift, and go to state 53

    $default  reduce using rule 22 (atribuicao)


State 57

   37 termo: T_ABRE expressao T_FECHA .

    $default  reduce using rule 37 (termo)


State 58

   23 expressao: expressao . T_MAIS expressao
   23          | expressao T_MAIS expressao .
   24          | expressao . T_MENOS expressao
   25          | expressao . T_VEZES expressao
   26          | expressao . T_DIV expressao
   27          | expressao . T_MAIOR expressao
   28          | expressao . T_MENOR expressao
   29          | expressao . T_IGUAL expressao
   30          | expressao . T_E expressao
   31          | expressao . T_OU expressao

    T_MAIS   shift, and go to state 45
    T_MENOS  shift, and go to state 46
    T_VEZES  shift, and go to state 47
    T_DIV    shift, and go to state 48
    T_MAIOR  shift, and go to state 49
    T_MENOR  shift, and go to state 50
    T_IGUAL  shift, and go to state 51
    T_E      shift, and go to state 52
    T_OU     shift, and go to state 53

    T_MAIS    [reduce using rule 23 (expressao)]
    T_MENOS   [reduce using rule 23 (expressao)]
    T_VEZES   [reduce using rule 23 (expressao)]
    T_DIV     [reduce using rule 23 (expressao)]
    T_MAIOR   [reduce using rule 23 (expressao)]
    T_MENOR   [reduce using rule 23 (expressao)]
    T_IGUAL   [reduce using rule 23 (expressao)]
    T_E       [reduce using rule 23 (expressao)]
    T_OU      [reduce using rule 23 (expressao)]
    $default  reduce using rule 23 (expressao)


State 59

   23 expressao: expressao . T_MAIS expressao
   24          | expressao . T_MENOS expressao
   24          | expressao T_MENOS expressao .
   25          | expressao . T_VEZES expressao
   26          | expressao . T_DIV expressao
   27          | expressao . T_MAIOR expressao
   28          | expressao . T_MENOR expressao
   29          | expressao . T_IGUAL expressao
   30          | expressao . T_E expressao
   31          | expressao . T_OU expressao

    T_MAIS   shift, and go to state 45
    T_MENOS  shift, and go to state 46
    T_VEZES  shift, and go to state 47
    T_DIV    shift, and go to state 48
    T_MAIOR  shift, and go to state 49
    T_MENOR  shift, and go to state 50
    T_IGUAL  shift, and go to state 51
    T_E      shift, and go to state 52
    T_OU     shift, and go to state 53

    T_MAIS    [reduce using rule 24 (expressao)]
    T_MENOS   [reduce using rule 24 (expressao)]
    T_VEZES   [reduce using rule 24 (expressao)]
    T_DIV     [reduce using rule 24 (expressao)]
    T_MAIOR   [reduce using rule 24 (expressao)]
    T_MENOR   [reduce using rule 24 (expressao)]
    T_IGUAL   [reduce using rule 24 (expressao)]
    T_E       [reduce using rule 24 (expressao)]
    T_OU      [reduce using rule 24 (expressao)]
    $default  reduce using rule 24 (expressao)


State 60

   23 expressao: expressao . T_MAIS expressao
   24          | expressao . T_MENOS expressao
   25          | expressao . T_VEZES expressao
   25          | expressao T_VEZES expressao .
   26          | expressao . T_DIV expressao
   27          | expressao . T_MAIOR expressao
   28          | expressao . T_MENOR expressao
   29          | expressao . T_IGUAL expressao
   30          | expressao . T_E expressao
   31          | expressao . T_OU expressao

    T_MAIS   shift, and go to state 45
    T_MENOS  shift, and go to state 46
    T_VEZES  shift, and go to state 47
    T_DIV    shift, and go to state 48
    T_MAIOR  shift, and go to state 49
    T_MENOR  shift, and go to state 50
    T_IGUAL  shift, and go to state 51
    T_E      shift, and go to state 52
    T_OU     shift, and go to state 53

    T_MAIS    [reduce using rule 25 (expressao)]
    T_MENOS   [reduce using rule 25 (expressao)]
    T_VEZES   [reduce using rule 25 (expressao)]
    T_DIV     [reduce using rule 25 (expressao)]
    T_MAIOR   [reduce using rule 25 (expressao)]
    T_MENOR   [reduce using rule 25 (expressao)]
    T_IGUAL   [reduce using rule 25 (expressao)]
    T_E       [reduce using rule 25 (expressao)]
    T_OU      [reduce using rule 25 (expressao)]
    $default  reduce using rule 25 (expressao)


State 61

   23 expressao: expressao . T_MAIS expressao
   24          | expressao . T_MENOS expressao
   25          | expressao . T_VEZES expressao
   26          | expressao . T_DIV expressao
   26          | expressao T_DIV expressao .
   27          | expressao . T_MAIOR expressao
   28          | expressao . T_MENOR expressao
   29          | expressao . T_IGUAL expressao
   30          | expressao . T_E expressao
   31          | expressao . T_OU expressao

    T_MAIS   shift, and go to state 45
    T_MENOS  shift, and go to state 46
    T_VEZES  shift, and go to state 47
    T_DIV    shift, and go to state 48
    T_MAIOR  shift, and go to state 49
    T_MENOR  shift, and go to state 50
    T_IGUAL  shift, and go to state 51
    T_E      shift, and go to state 52
    T_OU     shift, and go to state 53

    T_MAIS    [reduce using rule 26 (expressao)]
    T_MENOS   [reduce using rule 26 (expressao)]
    T_VEZES   [reduce using rule 26 (expressao)]
    T_DIV     [reduce using rule 26 (expressao)]
    T_MAIOR   [reduce using rule 26 (expressao)]
    T_MENOR   [reduce using rule 26 (expressao)]
    T_IGUAL   [reduce using rule 26 (expressao)]
    T_E       [reduce using rule 26 (expressao)]
    T_OU      [reduce using rule 26 (expressao)]
    $default  reduce using rule 26 (expressao)


State 62

   23 expressao: expressao . T_MAIS expressao
   24          | expressao . T_MENOS expressao
   25          | expressao . T_VEZES expressao
   26          | expressao . T_DIV expressao
   27          | expressao . T_MAIOR expressao
   27          | expressao T_MAIOR expressao .
   28          | expressao . T_MENOR expressao
   29          | expressao . T_IGUAL expressao
   30          | expressao . T_E expressao
   31          | expressao . T_OU expressao

    T_MAIS   shift, and go to state 45
    T_MENOS  shift, and go to state 46
    T_VEZES  shift, and go to state 47
    T_DIV    shift, and go to state 48
    T_MAIOR  shift, and go to state 49
    T_MENOR  shift, and go to state 50
    T_IGUAL  shift, and go to state 51
    T_E      shift, and go to state 52
    T_OU     shift, and go to state 53

    T_MAIS    [reduce using rule 27 (expressao)]
    T_MENOS   [reduce using rule 27 (expressao)]
    T_VEZES   [reduce using rule 27 (expressao)]
    T_DIV     [reduce using rule 27 (expressao)]
    T_MAIOR   [reduce using rule 27 (expressao)]
    T_MENOR   [reduce using rule 27 (expressao)]
    T_IGUAL   [reduce using rule 27 (expressao)]
    T_E       [reduce using rule 27 (expressao)]
    T_OU      [reduce using rule 27 (expressao)]
    $default  reduce using rule 27 (expressao)


State 63

   23 expressao: expressao . T_MAIS expressao
   24          | expressao . T_MENOS expressao
   25          | expressao . T_VEZES expressao
   26          | expressao . T_DIV expressao
   27          | expressao . T_MAIOR expressao
   28          | expressao . T_MENOR expressao
   28          | expressao T_MENOR expressao .
   29          | expressao . T_IGUAL expressao
   30          | expressao . T_E expressao
   31          | expressao . T_OU expressao

    T_MAIS   shift, and go to state 45
    T_MENOS  shift, and go to state 46
    T_VEZES  shift, and go to state 47
    T_DIV    shift, and go to state 48
    T_MAIOR  shift, and go to state 49
    T_MENOR  shift, and go to state 50
    T_IGUAL  shift, and go to state 51
    T_E      shift, and go to state 52
    T_OU     shift, and go to state 53

    T_MAIS    [reduce using rule 28 (expressao)]
    T_MENOS   [reduce using rule 28 (expressao)]
    T_VEZES   [reduce using rule 28 (expressao)]
    T_DIV     [reduce using rule 28 (expressao)]
    T_MAIOR   [reduce using rule 28 (expressao)]
    T_MENOR   [reduce using rule 28 (expressao)]
    T_IGUAL   [reduce using rule 28 (expressao)]
    T_E       [reduce using rule 28 (expressao)]
    T_OU      [reduce using rule 28 (expressao)]
    $default  reduce using rule 28 (expressao)


State 64

   23 expressao: expressao . T_MAIS expressao
   24          | expressao . T_MENOS expressao
   25          | expressao . T_VEZES expressao
   26          | expressao . T_DIV expressao
   27          | expressao . T_MAIOR expressao
   28          | expressao . T_MENOR expressao
   29          | expressao . T_IGUAL expressao
   29          | expressao T_IGUAL expressao .
   30          | expressao . T_E expressao
   31          | expressao . T_OU expressao

    T_MAIS   shift, and go to state 45
    T_MENOS  shift, and go to state 46
    T_VEZES  shift, and go to state 47
    T_DIV    shift, and go to state 48
    T_MAIOR  shift, and go to state 49
    T_MENOR  shift, and go to state 50
    T_IGUAL  shift, and go to state 51
    T_E      shift, and go to state 52
    T_OU     shift, and go to state 53

    T_MAIS    [reduce using rule 29 (expressao)]
    T_MENOS   [reduce using rule 29 (expressao)]
    T_VEZES   [reduce using rule 29 (expressao)]
    T_DIV     [reduce using rule 29 (expressao)]
    T_MAIOR   [reduce using rule 29 (expressao)]
    T_MENOR   [reduce using rule 29 (expressao)]
    T_IGUAL   [reduce using rule 29 (expressao)]
    T_E       [reduce using rule 29 (expressao)]
    T_OU      [reduce using rule 29 (expressao)]
    $default  reduce using rule 29 (expressao)


State 65

   23 expressao: expressao . T_MAIS expressao
   24          | expressao . T_MENOS expressao
   25          | expressao . T_VEZES expressao
   26          | expressao . T_DIV expressao
   27          | expressao . T_MAIOR expressao
   28          | expressao . T_MENOR expressao
   29          | expressao . T_IGUAL expressao
   30          | expressao . T_E expressao
   30          | expressao T_E expressao .
   31          | expressao . T_OU expressao

    T_MAIS   shift, and go to state 45
    T_MENOS  shift, and go to state 46
    T_VEZES  shift, and go to state 47
    T_DIV    shift, and go to state 48
    T_MAIOR  shift, and go to state 49
    T_MENOR  shift, and go to state 50
    T_IGUAL  shift, and go to state 51
    T_E      shift, and go to state 52
    T_OU     shift, and go to state 53

    T_MAIS    [reduce using rule 30 (expressao)]
    T_MENOS   [reduce using rule 30 (expressao)]
    T_VEZES   [reduce using rule 30 (expressao)]
    T_DIV     [reduce using rule 30 (expressao)]
    T_MAIOR   [reduce using rule 30 (expressao)]
    T_MENOR   [reduce using rule 30 (expressao)]
    T_IGUAL   [reduce using rule 30 (expressao)]
    T_E       [reduce using rule 30 (expressao)]
    T_OU      [reduce using rule 30 (expressao)]
    $default  reduce using rule 30 (expressao)


State 66

   23 expressao: expressao . T_MAIS expressao
   24          | expressao . T_MENOS expressao
   25          | expressao . T_VEZES expressao
   26          | expressao . T_DIV expressao
   27          | expressao . T_MAIOR expressao
   28          | expressao . T_MENOR expressao
   29          | expressao . T_IGUAL expressao
   30          | expressao . T_E expressao
   31          | expressao . T_OU expressao
   31          | expressao T_OU expressao .

    T_MAIS   shift, and go to state 45
    T_MENOS  shift, and go to state 46
    T_VEZES  shift, and go to state 47
    T_DIV    shift, and go to state 48
    T_MAIOR  shift, and go to state 49
    T_MENOR  shift, and go to state 50
    T_IGUAL  shift, and go to state 51
    T_E      shift, and go to state 52
    T_OU     shift, and go to state 53

    T_MAIS    [reduce using rule 31 (expressao)]
    T_MENOS   [reduce using rule 31 (expressao)]
    T_VEZES   [reduce using rule 31 (expressao)]
    T_DIV     [reduce using rule 31 (expressao)]
    T_MAIOR   [reduce using rule 31 (expressao)]
    T_MENOR   [reduce using rule 31 (expressao)]
    T_IGUAL   [reduce using rule 31 (expressao)]
    T_E       [reduce using rule 31 (expressao)]
    T_OU      [reduce using rule 31 (expressao)]
    $default  reduce using rule 31 (expressao)


State 67

   11 lista_comandos: lista_comandos . comando
   21 selecao: T_SE expressao T_ENTAO lista_comandos . T_SENAO lista_comandos T_FIMSE

    T_LEIA      shift, and go to state 16
    T_ESCREVA   shift, and go to state 17
    T_SE        shift, and go to state 18
    T_SENAO     shift, and go to state 69
    T_ENQUANTO  shift, and go to state 19
    T_IDENT     shift, and go to state 20

    comando     go to state 42
    leitura     go to state 23
    escrita     go to state 24
    repeticao   go to state 25
    selecao     go to state 26
    atribuicao  go to state 27


State 68

   11 lista_comandos: lista_comandos . comando
   20 repeticao: T_ENQUANTO expressao T_FACA lista_comandos . T_FIMQTO

    T_LEIA      shift, and go to state 16
    T_ESCREVA   shift, and go to state 17
    T_SE        shift, and go to state 18
    T_ENQUANTO  shift, and go to state 19
    T_FIMQTO    shift, and go to state 70
    T_IDENT     shift, and go to state 20

    comando     go to state 42
    leitura     go to state 23
    escrita     go to state 24
    repeticao   go to state 25
    selecao     go to state 26
    atribuicao  go to state 27


State 69

   21 selecao: T_SE expressao T_ENTAO lista_comandos T_SENAO . lista_comandos T_FIMSE

    T_LEIA      shift, and go to state 16
    T_ESCREVA   shift, and go to state 17
    T_SE        shift, and go to state 18
    T_ENQUANTO  shift, and go to state 19
    T_IDENT     shift, and go to state 20

    lista_comandos  go to state 71
    comando         go to state 22
    leitura         go to state 23
    escrita         go to state 24
    repeticao       go to state 25
    selecao         go to state 26
    atribuicao      go to state 27


State 70

   20 repeticao: T_ENQUANTO expressao T_FACA lista_comandos T_FIMQTO .

    $default  reduce using rule 20 (repeticao)


State 71

   11 lista_comandos: lista_comandos . comando
   21 selecao: T_SE expressao T_ENTAO lista_comandos T_SENAO lista_comandos . T_FIMSE

    T_LEIA      shift, and go to state 16
    T_ESCREVA   shift, and go to state 17
    T_SE        shift, and go to state 18
    T_FIMSE     shift, and go to state 72
    T_ENQUANTO  shift, and go to state 19
    T_IDENT     shift, and go to state 20

    comando     go to state 42
    leitura     go to state 23
    escrita     go to state 24
    repeticao   go to state 25
    selecao     go to state 26
    atribuicao  go to state 27


State 72

   21 selecao: T_SE expressao T_ENTAO lista_comandos T_SENAO lista_comandos T_FIMSE .

    $default  reduce using rule 21 (selecao)
