Grammar

    0 $accept: linha $end

    1 linha: linha expr ENTER
    2      | ε

    3 expr: NUM
    4     | expr MAIS expr
    5     | expr MENOS expr
    6     | expr VEZES expr
    7     | expr DIV expr
    8     | ABRE expr FECHA


Terminals, with rules where they appear

    $end (0) 0
    error (256)
    NUM (258) 3
    VEZES (259) 6
    MAIS (260) 4
    MENOS (261) 5
    DIV (262) 7
    ENTER (263) 1
    ABRE (264) 8
    FECHA (265) 8


Nonterminals, with rules where they appear

    $accept (11)
        on left: 0
    linha (12)
        on left: 1 2
        on right: 0 1
    expr (13)
        on left: 3 4 5 6 7 8
        on right: 1 4 5 6 7 8


State 0

    0 $accept: • linha $end

    $default  reduce using rule 2 (linha)

    linha  go to state 1


State 1

    0 $accept: linha • $end
    1 linha: linha • expr ENTER

    $end  shift, and go to state 2
    NUM   shift, and go to state 3
    ABRE  shift, and go to state 4

    expr  go to state 5


State 2

    0 $accept: linha $end •

    $default  accept


State 3

    3 expr: NUM •

    $default  reduce using rule 3 (expr)


State 4

    8 expr: ABRE • expr FECHA

    NUM   shift, and go to state 3
    ABRE  shift, and go to state 4

    expr  go to state 6


State 5

    1 linha: linha expr • ENTER
    4 expr: expr • MAIS expr
    5     | expr • MENOS expr
    6     | expr • VEZES expr
    7     | expr • DIV expr

    VEZES  shift, and go to state 7
    MAIS   shift, and go to state 8
    MENOS  shift, and go to state 9
    DIV    shift, and go to state 10
    ENTER  shift, and go to state 11


State 6

    4 expr: expr • MAIS expr
    5     | expr • MENOS expr
    6     | expr • VEZES expr
    7     | expr • DIV expr
    8     | ABRE expr • FECHA

    VEZES  shift, and go to state 7
    MAIS   shift, and go to state 8
    MENOS  shift, and go to state 9
    DIV    shift, and go to state 10
    FECHA  shift, and go to state 12


State 7

    6 expr: expr VEZES • expr

    NUM   shift, and go to state 3
    ABRE  shift, and go to state 4

    expr  go to state 13


State 8

    4 expr: expr MAIS • expr

    NUM   shift, and go to state 3
    ABRE  shift, and go to state 4

    expr  go to state 14


State 9

    5 expr: expr MENOS • expr

    NUM   shift, and go to state 3
    ABRE  shift, and go to state 4

    expr  go to state 15


State 10

    7 expr: expr DIV • expr

    NUM   shift, and go to state 3
    ABRE  shift, and go to state 4

    expr  go to state 16


State 11

    1 linha: linha expr ENTER •

    $default  reduce using rule 1 (linha)


State 12

    8 expr: ABRE expr FECHA •

    $default  reduce using rule 8 (expr)


State 13

    4 expr: expr • MAIS expr
    5     | expr • MENOS expr
    6     | expr • VEZES expr
    6     | expr VEZES expr •
    7     | expr • DIV expr

    $default  reduce using rule 6 (expr)


State 14

    4 expr: expr • MAIS expr
    4     | expr MAIS expr •
    5     | expr • MENOS expr
    6     | expr • VEZES expr
    7     | expr • DIV expr

    VEZES  shift, and go to state 7
    DIV    shift, and go to state 10

    $default  reduce using rule 4 (expr)


State 15

    4 expr: expr • MAIS expr
    5     | expr • MENOS expr
    5     | expr MENOS expr •
    6     | expr • VEZES expr
    7     | expr • DIV expr

    VEZES  shift, and go to state 7
    DIV    shift, and go to state 10

    $default  reduce using rule 5 (expr)


State 16

    4 expr: expr • MAIS expr
    5     | expr • MENOS expr
    6     | expr • VEZES expr
    7     | expr • DIV expr
    7     | expr DIV expr •

    $default  reduce using rule 7 (expr)
